## Bob Verga ## 185 ## 86 ## 1945 ## Duke University ## Neptune ## New Jersey
 ##
## Slick Watts ## 185 ## 79 ## 1951 ## Xavier University of Louisiana ## Rolling Ford ## Mississippi
 ##
## Leo Kubiak ## 180 ## 72 ## 1927 ## Bowling Green State University ## nao informado ## 
 ##
## Robert Hawkins ## 193 ## 86 ## 1954 ## Illinois State University ## Detroit ## Michigan
 ##
## Ken Mayfield ## 188 ## 83 ## 1948 ## Tuskegee University ## Chicago ## Illinois
 ##
## Tom McMillen ## 211 ## 97 ## 1952 ## University of Maryland ## Elmira ## New York
 ##
## John Shumate ## 206 ## 106 ## 1952 ## University of Notre Dame ## Greenville ## South Carolina
 ##
## Byron Beck ## 206 ## 102 ## 1945 ## University of Denver ## Ellensburg ## Washington
 ##
## Randy Denton ## 208 ## 108 ## 1949 ## Duke University ## Raleigh ## North Carolina
 ##
## Gus Gerard ## 203 ## 90 ## 1953 ## University of Virginia ## Uniontown ## Pennsylvania
 ##
## Goo Kennedy ## 196 ## 92 ## 1949 ## Texas Christian University ## Charlotte ## North Carolina
 ##
## Andre McCarter ## 190 ## 86 ## 1953 ## University of California - Los Angeles ## Philadelphia ## Pennsylvania
 ##
## Brian Taylor ## 188 ## 83 ## 1951 ## Princeton University ## Perth Amboy ## New Jersey
 ##
## Cedric Maxwell ## 203 ## 92 ## 1955 ## University of North Carolina at Charlotte ## Kinston ## North Carolina
 ##
## Vern Mikkelsen* ## 201 ## 104 ## 1928 ## Hamline University ## Fresno ## California
 ##
## Al Miksis ## 201 ## 95 ## 1928 ## Western Illinois University ## nao informado ## 
 ##
## Geoff Huston ## 188 ## 79 ## 1957 ## Texas Tech University ## Brooklyn ## New York
 ##
## Earl Cureton ## 206 ## 95 ## 1957 ## University of Detroit Mercy ## Detroit ## Michigan
 ##
## Ray Blume ## 193 ## 83 ## 1958 ## Oregon State University ## Valdosta ## Georgia
 ##
## Clay Johnson ## 208 ## 108 ## 1956 ## Florida Agricultural and Mechanical University ## Monticello ## Florida
 ##
## Kurt Nimphius ## 208 ## 98 ## 1958 ## Arizona State University ## Milwaukee ## Wisconsin
 ##
## Jim Smith ## 206 ## 102 ## 1958 ## Ohio State University ## Cleveland ## Ohio
 ##
## Darnell Valentine ## 185 ## 83 ## 1959 ## University of Kansas ## Chicago ## Illinois
 ##
## Danny Vranes ## 201 ## 95 ## 1958 ## University of Utah ## Salt Lake City ## Utah
 ##
## Bruce Flowers ## 203 ## 102 ## 1957 ## University of Notre Dame ## Rochester ## New York
 ##
## David Thirdkill ## 201 ## 88 ## 1960 ## Bradley University ## St. Louis ## Missouri
 ##
## Thurl Bailey ## 211 ## 97 ## 1961 ## North Carolina State University ## Washington ## District of Columbia
 ##
## Vern Fleming ## 196 ## 83 ## 1962 ## University of Georgia ## New York ## New York
 ##
## Don Ray ## 196 ## 86 ## 1921 ## Western Kentucky University ## Mt. Juliet ## Tennessee
 ##
## Gary Plummer ## 206 ## 97 ## 1962 ## Boston University ## Highland Park ## Michigan
 ##
## Arnie Risen* ## 206 ## 90 ## 1924 ## Ohio State University ## Williamstown ## Kentucky
 ##
## Ron Crevier ## 213 ## 106 ## 1958 ## Boston College ## Montreal ## Canada
 ##
## Jerome Henderson ## 211 ## 104 ## 1959 ## University of New Mexico ## Los Angeles ## California
 ##
## Charles Oakley ## 203 ## 102 ## 1963 ## Virginia Union University ## Cleveland ## Ohio
 ##
## Joe Binion ## 203 ## 106 ## 1961 ## North Carolina Agricultural and Technical State University ## Rochester ## New York
 ##
## Johnny Dawkins ## 188 ## 74 ## 1963 ## Duke University ## Washington ## District of Columbia
 ##
## Ron Rowan ## 196 ## 90 ## 1962 ## St. John's University ## New Brighton ## Pennsylvania
 ##
## Billy Donovan ## 180 ## 77 ## 1965 ## Providence College ## Rockville Centre ## New York
 ##
## Armen Gilliam ## 206 ## 104 ## 1964 ## University of Nevada - Las Vegas ## Pittsburgh ## Pennsylvania
 ##
## Bart Kofoed ## 193 ## 95 ## 1964 ## University of Nebraska at Kearney ## Omaha ## Nebraska
 ##
## Michael Anderson ## 180 ## 83 ## 1966 ## Drexel University ## Philadelphia ## Pennsylvania
 ##
## Jay Taylor ## 190 ## 86 ## 1967 ## Eastern Illinois University ## Aurora ## Illinois
 ##
## Milos Babic ## 213 ## 108 ## 1968 ## Tennessee Technological University ## Kraljevo ## Serbia
 ##
## Jud Buechler ## 198 ## 99 ## 1968 ## University of Arizona ## San Diego ## California
 ##
## Tate George ## 196 ## 86 ## 1968 ## University of Connecticut ## Newark ## New Jersey
 ##
## Tony Massenburg ## 206 ## 99 ## 1967 ## University of Maryland ## Sussex ## Virginia
 ##
## Alan Ogg ## 218 ## 108 ## 1967 ## University of Alabama at Birmingham ## Lancaster ## Ohio
 ##
## Jayson Williams ## 206 ## 108 ## 1968 ## St. John's University ## Ritter ## South Carolina
 ##
## Mike Iuzzolino ## 178 ## 79 ## 1968 ## Saint Francis University ## Altoona ## Pennsylvania
 ##
## Billy Owens ## 203 ## 99 ## 1969 ## Syracuse University ## Carlisle ## Pennsylvania
 ##
## Walter Bond ## 196 ## 90 ## 1969 ## University of Minnesota ## Chicago ## Illinois
 ##
## Hubert Davis ## 196 ## 83 ## 1970 ## University of North Carolina ## Winston-Salem ## North Carolina
 ##
## Barry Stevens ## 196 ## 88 ## 1963 ## Iowa State University ## Flint ## Michigan
 ##
## Sam Cassell ## 190 ## 83 ## 1969 ## Florida State University ## Baltimore ## Maryland
 ##
## Mike Peplowski ## 208 ## 122 ## 1970 ## Michigan State University ## Detroit ## Michigan
 ##
## Darrell Armstrong ## 183 ## 77 ## 1968 ## Fayetteville State University ## Gastonia ## North Carolina
 ##
## Aaron McKie ## 196 ## 94 ## 1972 ## Temple University ## Philadelphia ## Pennsylvania
 ##
## Khalid Reeves ## 190 ## 90 ## 1972 ## University of Arizona ## Queens ## New York
 ##
## Brooks Thompson ## 193 ## 87 ## 1970 ## Oklahoma State University ## Dallas ## Texas
 ##
## Bob Sura ## 196 ## 90 ## 1973 ## Florida State University ## Wilkes-Barre ## Pennsylvania
 ##
## Gaylon Nickerson ## 190 ## 86 ## 1969 ## Northwestern Oklahoma State University ## Osecola ## Arkansas
 ##
## Rick Brunson ## 193 ## 86 ## 1972 ## Temple University ## Syracuse ## New York
 ##
## Dontae' Jones ## 203 ## 99 ## 1975 ## Mississippi State University ## Nashville ## Tennessee
 ##
## Nate DeLong ## 198 ## 99 ## 1926 ## University of Wisconsin-River Falls ## nao informado ## 
 ##
## Al Cervi* ## 180 ## 77 ## 1917 ## nao informado ## Buffalo ## New York
 ##
## Ruben Patterson ## 196 ## 101 ## 1975 ## University of Cincinnati ## Cleveland ## Ohio
 ##
## Jason Williams ## 206 ## 108 ## 1968 ## St. John's University ## Ritter ## South Carolina
 ##
## Erick Barkley ## 185 ## 80 ## 1978 ## St. John's University ## Queens ## New York
 ##
## Chris Mihm ## 213 ## 120 ## 1979 ## University of Texas at Austin ## Milwaukee ## Wisconsin
 ##
## Ray Ragelis ## 193 ## 92 ## 1928 ## Northwestern University ## nao informado ## 
 ##
## Don Savage ## 190 ## 92 ## 1928 ## LeMoyne College ## nao informado ## 
 ##
## Richard Jefferson ## 201 ## 105 ## 1980 ## University of Arizona ## Los Angeles ## California
 ##
## Jim Slaughter ## 211 ## 95 ## 1928 ## University of South Carolina ## nao informado ## 
 ##
## Casey Jacobsen ## 198 ## 97 ## 1981 ## Stanford University ## Glendora ## California
 ##
## Blaine Denning ## 188 ## 79 ## 1930 ## Lawrence Technological University ## nao informado ## 
 ##
## Omar Cook ## 185 ## 86 ## 1982 ## St. John's University ## Brooklyn ## New York
 ##
## Josh Howard ## 201 ## 95 ## 1980 ## Wake Forest University ## Winston-Salem ## North Carolina
 ##
## Jared Reiner ## 211 ## 115 ## 1982 ## University of Iowa ## Tripp ## South Dakota
 ##
## Delonte West ## 193 ## 81 ## 1983 ## Saint Joseph's University ## Washington ## District of Columbia
 ##
## Damien Wilkins ## 208 ## 99 ## 1960 ## Idaho State University ## Pocatello ## Idaho
 ##
## Boniface N'Dong ## 213 ## 89 ## 1977 ## nao informado ## Dakar ## Senegal
 ##
## Alex Scales ## 193 ## 83 ## 1978 ## University of Oregon ## Racine ## Wisconsin
 ##
## Jordan Farmar ## 188 ## 81 ## 1986 ## University of California - Los Angeles ## Los Angeles ## California
 ##
## Ivan McFarlin ## 203 ## 108 ## 1982 ## Oklahoma State University ## Missouri City ## Texas
 ##
## Vassilis Spanoulis ## 193 ## 88 ## 1982 ## nao informado ## Larissa ## Greece
 ##
## Marco Belinelli ## 196 ## 95 ## 1986 ## nao informado ## Bologna ## Italy
 ##
## C.J. Watson ## 211 ## 117 ## 1984 ## nao informado ## nao informado ## 
 ##
## Jerryd Bayless ## 190 ## 90 ## 1988 ## University of Arizona ## Phoenix ## Arizona
 ##
## Trey Johnson ## 196 ## 98 ## 1984 ## Jackson State University ## Jackson ## Mississippi
 ##
## Anthony Tolliver ## 203 ## 108 ## 1985 ## Creighton University ## Springfield ## Missouri
 ##
## Danny Green ## 206 ## 100 ## 1957 ## University of California - Los Angeles ## Lynwood ## California
 ##
## Hamady N'Diaye ## 213 ## 106 ## 1987 ## Rutgers University ## Dakar ## Senegal
 ##
## Ben Uzoh ## 190 ## 92 ## 1988 ## University of Tulsa ## Houston ## Texas
 ##
## Malcolm Lee ## 196 ## 90 ## 1990 ## University of California - Los Angeles ## Riverside ## California
 ##
## Jon Leuer ## 208 ## 103 ## 1989 ## University of Wisconsin ## Long Lake ## Minnesota
 ##
## Dillard Crocker ## 193 ## 92 ## 1925 ## Western Michigan University ## Coffee County ## Tennessee
 ##
## Ryan Reid ## 203 ## 105 ## 1986 ## Florida State University ## Lauderdale Lakes ## Florida
 ##
## Iman Shumpert ## 196 ## 99 ## 1990 ## Georgia Institute of Technology ## Oak Park ## Illinois
 ##
## Brian Roberts ## 185 ## 78 ## 1985 ## University of Dayton ## Toledo ## Ohio
 ##
## Bruno Caboclo ## 206 ## 98 ## 1995 ## nao informado ## Osasco ## Brazil
 ##
## Andre Dawkins ## 196 ## 97 ## 1991 ## Duke University ## Fairfax ## Virginia
 ##
## Tyler Ennis ## 190 ## 87 ## 1994 ## Syracuse University ## Brampton ## Canada
 ##
## James Young ## 198 ## 97 ## 1995 ## University of Kentucky ## Flint ## Michigan
 ##
## Jonathon Simmons ## 185 ## 83 ## 1924 ## New York University ## Birmingham ## Alabama
 ##
## Al Ferrari ## 193 ## 86 ## 1933 ## Michigan State University ## New York ## New York
 ##
## Gary Bergen ## 203 ## 95 ## 1932 ## University of Utah ## Independence ## Missouri
 ##
## Ray Radziszewski ## 196 ## 95 ## 1935 ## Saint Joseph's University ## nao informado ## 
 ##
## Gary Alcorn ## 206 ## 102 ## 1936 ## California State University - Fresno ## nao informado ## 
 ##
## George Feigenbaum ## 185 ## 83 ## 1929 ## University of Kentucky ## nao informado ## 
 ##
## Jeff Slade ## 198 ## 99 ## 1941 ## Kenyon College ## nao informado ## 
 ##
## Jerry Harkness ## 188 ## 79 ## 1940 ## Loyola University of Chicago ## New York ## New York
 ##
## Tom Thacker ## 188 ## 77 ## 1939 ## University of Cincinnati ## Covington ## Kentucky
 ##
## Cotton Nash ## 196 ## 97 ## 1942 ## University of Kentucky ## Jersey City ## New Jersey
 ##
## Bud Acton ## 198 ## 95 ## 1942 ## Hillsdale College ## nao informado ## 
 ##
## George Patterson ## 203 ## 104 ## 1939 ## University of Toledo ## nao informado ## 
 ##
## Bob Harrison ## 201 ## 88 ## 1927 ## Oklahoma State University ## Linden ## Tennessee
 ##
## Bob Quick ## 196 ## 97 ## 1946 ## Xavier University ## Thornton ## Mississippi
 ##
## Wes Unseld* ## 201 ## 111 ## 1946 ## University of Louisville ## Louisville ## Kentucky
 ##
## Willie Williams ## 201 ## 90 ## 1946 ## Florida State University ## nao informado ## 
 ##
## Cliff Meely ## 203 ## 97 ## 1947 ## University of Colorado ## Rosedale ## Mississippi
 ##
## Steve Patterson ## 206 ## 102 ## 1948 ## University of California - Los Angeles ## Riverside ## California
 ##
## Charlie Yelverton ## 188 ## 86 ## 1948 ## Fordham University ## nao informado ## 
 ##
## John Brisker ## 196 ## 95 ## 1947 ## University of Toledo ## Detroit ## Michigan
 ##
## Dwight Davis ## 203 ## 99 ## 1949 ## University of Houston ## Houston ## Texas
 ##
## Justus Thigpen ## 185 ## 72 ## 1947 ## Weber State University ## nao informado ## 
 ##
## Doug Collins ## 198 ## 81 ## 1951 ## Illinois State University ## Christopher ## Illinois
 ##
